<?xml version="1.0" encoding="UTF-8"?>
<!-- Generated by org.testng.reporters.JUnitReportReporter -->
<testsuite hostname="TestingWorld-PC" name="testing.TC_001" tests="1" failures="0" timestamp="28 Dec 2017 03:11:36 GMT" time="14.040" errors="0">
  <testcase name="tcase1" time="14.040" classname="testing.TC_001"/>
</testsuite> <!-- testing.TC_001 -->
